<?xml version="1.0" encoding="UTF-8"?>
<testsuite xmlns:xsi="http://www.w3.org/2001/XMLSchema-instance" xsi:noNamespaceSchemaLocation="https://maven.apache.org/surefire/maven-surefire-plugin/xsd/surefire-test-report-3.0.xsd" version="3.0" name="eventmarket.main.AppTest" time="0.004" tests="1" errors="0" skipped="0" failures="0">
  <properties>
    <property name="java.specification.version" value="21"/>
    <property name="sun.jnu.encoding" value="UTF-8"/>
    <property name="java.class.path" value="/Users/fernandorochacorreaurbano/Desktop/OO Architecture/finalproject-fernandourbano-uchicago/event-market/target/test-classes:/Users/fernandorochacorreaurbano/Desktop/OO Architecture/finalproject-fernandourbano-uchicago/event-market/target/classes:/Users/fernandorochacorreaurbano/.m2/repository/junit/junit/4.13.2/junit-4.13.2.jar:/Users/fernandorochacorreaurbano/.m2/repository/org/hamcrest/hamcrest-core/1.3/hamcrest-core-1.3.jar:/Users/fernandorochacorreaurbano/.m2/repository/org/junit/jupiter/junit-jupiter-api/5.8.2/junit-jupiter-api-5.8.2.jar:/Users/fernandorochacorreaurbano/.m2/repository/org/opentest4j/opentest4j/1.2.0/opentest4j-1.2.0.jar:/Users/fernandorochacorreaurbano/.m2/repository/org/junit/platform/junit-platform-commons/1.8.2/junit-platform-commons-1.8.2.jar:/Users/fernandorochacorreaurbano/.m2/repository/org/apiguardian/apiguardian-api/1.1.2/apiguardian-api-1.1.2.jar:/Users/fernandorochacorreaurbano/.m2/repository/javax/persistence/javax.persistence-api/2.2/javax.persistence-api-2.2.jar:/Users/fernandorochacorreaurbano/.m2/repository/org/hibernate/hibernate-core/5.6.9.Final/hibernate-core-5.6.9.Final.jar:/Users/fernandorochacorreaurbano/.m2/repository/org/jboss/logging/jboss-logging/3.4.3.Final/jboss-logging-3.4.3.Final.jar:/Users/fernandorochacorreaurbano/.m2/repository/net/bytebuddy/byte-buddy/1.12.9/byte-buddy-1.12.9.jar:/Users/fernandorochacorreaurbano/.m2/repository/antlr/antlr/2.7.7/antlr-2.7.7.jar:/Users/fernandorochacorreaurbano/.m2/repository/org/jboss/spec/javax/transaction/jboss-transaction-api_1.2_spec/1.1.1.Final/jboss-transaction-api_1.2_spec-1.1.1.Final.jar:/Users/fernandorochacorreaurbano/.m2/repository/org/jboss/jandex/2.4.2.Final/jandex-2.4.2.Final.jar:/Users/fernandorochacorreaurbano/.m2/repository/com/fasterxml/classmate/1.5.1/classmate-1.5.1.jar:/Users/fernandorochacorreaurbano/.m2/repository/javax/activation/javax.activation-api/1.2.0/javax.activation-api-1.2.0.jar:/Users/fernandorochacorreaurbano/.m2/repository/org/hibernate/common/hibernate-commons-annotations/5.1.2.Final/hibernate-commons-annotations-5.1.2.Final.jar:/Users/fernandorochacorreaurbano/.m2/repository/javax/xml/bind/jaxb-api/2.3.1/jaxb-api-2.3.1.jar:/Users/fernandorochacorreaurbano/.m2/repository/org/glassfish/jaxb/jaxb-runtime/2.3.1/jaxb-runtime-2.3.1.jar:/Users/fernandorochacorreaurbano/.m2/repository/org/glassfish/jaxb/txw2/2.3.1/txw2-2.3.1.jar:/Users/fernandorochacorreaurbano/.m2/repository/com/sun/istack/istack-commons-runtime/3.0.7/istack-commons-runtime-3.0.7.jar:/Users/fernandorochacorreaurbano/.m2/repository/org/jvnet/staxex/stax-ex/1.8/stax-ex-1.8.jar:/Users/fernandorochacorreaurbano/.m2/repository/com/sun/xml/fastinfoset/FastInfoset/1.2.15/FastInfoset-1.2.15.jar:/Users/fernandorochacorreaurbano/.m2/repository/org/postgresql/postgresql/42.4.0/postgresql-42.4.0.jar:/Users/fernandorochacorreaurbano/.m2/repository/org/checkerframework/checker-qual/3.5.0/checker-qual-3.5.0.jar:/Users/fernandorochacorreaurbano/.m2/repository/org/hibernate/hibernate-entitymanager/5.4.32.Final/hibernate-entitymanager-5.4.32.Final.jar:/Users/fernandorochacorreaurbano/.m2/repository/org/dom4j/dom4j/2.1.3/dom4j-2.1.3.jar:"/>
    <property name="java.vm.vendor" value="Amazon.com Inc."/>
    <property name="sun.arch.data.model" value="64"/>
    <property name="java.vendor.url" value="https://aws.amazon.com/corretto/"/>
    <property name="user.timezone" value="America/Chicago"/>
    <property name="os.name" value="Mac OS X"/>
    <property name="java.vm.specification.version" value="21"/>
    <property name="sun.java.launcher" value="SUN_STANDARD"/>
    <property name="user.country" value="US"/>
    <property name="sun.boot.library.path" value="/Library/Java/JavaVirtualMachines/amazon-corretto-21.jdk/Contents/Home/lib"/>
    <property name="sun.java.command" value="/Users/fernandorochacorreaurbano/Desktop/OO Architecture/finalproject-fernandourbano-uchicago/event-market/target/surefire/surefirebooter-20240520180556488_3.jar /Users/fernandorochacorreaurbano/Desktop/OO Architecture/finalproject-fernandourbano-uchicago/event-market/target/surefire 2024-05-20T18-05-55_780-jvmRun1 surefire-20240520180556488_1tmp surefire_0-20240520180556488_2tmp"/>
    <property name="http.nonProxyHosts" value="local|*.local|169.254/16|*.169.254/16"/>
    <property name="jdk.debug" value="release"/>
    <property name="surefire.test.class.path" value="/Users/fernandorochacorreaurbano/Desktop/OO Architecture/finalproject-fernandourbano-uchicago/event-market/target/test-classes:/Users/fernandorochacorreaurbano/Desktop/OO Architecture/finalproject-fernandourbano-uchicago/event-market/target/classes:/Users/fernandorochacorreaurbano/.m2/repository/junit/junit/4.13.2/junit-4.13.2.jar:/Users/fernandorochacorreaurbano/.m2/repository/org/hamcrest/hamcrest-core/1.3/hamcrest-core-1.3.jar:/Users/fernandorochacorreaurbano/.m2/repository/org/junit/jupiter/junit-jupiter-api/5.8.2/junit-jupiter-api-5.8.2.jar:/Users/fernandorochacorreaurbano/.m2/repository/org/opentest4j/opentest4j/1.2.0/opentest4j-1.2.0.jar:/Users/fernandorochacorreaurbano/.m2/repository/org/junit/platform/junit-platform-commons/1.8.2/junit-platform-commons-1.8.2.jar:/Users/fernandorochacorreaurbano/.m2/repository/org/apiguardian/apiguardian-api/1.1.2/apiguardian-api-1.1.2.jar:/Users/fernandorochacorreaurbano/.m2/repository/javax/persistence/javax.persistence-api/2.2/javax.persistence-api-2.2.jar:/Users/fernandorochacorreaurbano/.m2/repository/org/hibernate/hibernate-core/5.6.9.Final/hibernate-core-5.6.9.Final.jar:/Users/fernandorochacorreaurbano/.m2/repository/org/jboss/logging/jboss-logging/3.4.3.Final/jboss-logging-3.4.3.Final.jar:/Users/fernandorochacorreaurbano/.m2/repository/net/bytebuddy/byte-buddy/1.12.9/byte-buddy-1.12.9.jar:/Users/fernandorochacorreaurbano/.m2/repository/antlr/antlr/2.7.7/antlr-2.7.7.jar:/Users/fernandorochacorreaurbano/.m2/repository/org/jboss/spec/javax/transaction/jboss-transaction-api_1.2_spec/1.1.1.Final/jboss-transaction-api_1.2_spec-1.1.1.Final.jar:/Users/fernandorochacorreaurbano/.m2/repository/org/jboss/jandex/2.4.2.Final/jandex-2.4.2.Final.jar:/Users/fernandorochacorreaurbano/.m2/repository/com/fasterxml/classmate/1.5.1/classmate-1.5.1.jar:/Users/fernandorochacorreaurbano/.m2/repository/javax/activation/javax.activation-api/1.2.0/javax.activation-api-1.2.0.jar:/Users/fernandorochacorreaurbano/.m2/repository/org/hibernate/common/hibernate-commons-annotations/5.1.2.Final/hibernate-commons-annotations-5.1.2.Final.jar:/Users/fernandorochacorreaurbano/.m2/repository/javax/xml/bind/jaxb-api/2.3.1/jaxb-api-2.3.1.jar:/Users/fernandorochacorreaurbano/.m2/repository/org/glassfish/jaxb/jaxb-runtime/2.3.1/jaxb-runtime-2.3.1.jar:/Users/fernandorochacorreaurbano/.m2/repository/org/glassfish/jaxb/txw2/2.3.1/txw2-2.3.1.jar:/Users/fernandorochacorreaurbano/.m2/repository/com/sun/istack/istack-commons-runtime/3.0.7/istack-commons-runtime-3.0.7.jar:/Users/fernandorochacorreaurbano/.m2/repository/org/jvnet/staxex/stax-ex/1.8/stax-ex-1.8.jar:/Users/fernandorochacorreaurbano/.m2/repository/com/sun/xml/fastinfoset/FastInfoset/1.2.15/FastInfoset-1.2.15.jar:/Users/fernandorochacorreaurbano/.m2/repository/org/postgresql/postgresql/42.4.0/postgresql-42.4.0.jar:/Users/fernandorochacorreaurbano/.m2/repository/org/checkerframework/checker-qual/3.5.0/checker-qual-3.5.0.jar:/Users/fernandorochacorreaurbano/.m2/repository/org/hibernate/hibernate-entitymanager/5.4.32.Final/hibernate-entitymanager-5.4.32.Final.jar:/Users/fernandorochacorreaurbano/.m2/repository/org/dom4j/dom4j/2.1.3/dom4j-2.1.3.jar:"/>
    <property name="sun.cpu.endian" value="little"/>
    <property name="user.home" value="/Users/fernandorochacorreaurbano"/>
    <property name="user.language" value="en"/>
    <property name="java.specification.vendor" value="Oracle Corporation"/>
    <property name="java.version.date" value="2024-01-16"/>
    <property name="java.home" value="/Library/Java/JavaVirtualMachines/amazon-corretto-21.jdk/Contents/Home"/>
    <property name="file.separator" value="/"/>
    <property name="basedir" value="/Users/fernandorochacorreaurbano/Desktop/OO Architecture/finalproject-fernandourbano-uchicago/event-market"/>
    <property name="java.vm.compressedOopsMode" value="Zero based"/>
    <property name="line.separator" value="&#10;"/>
    <property name="java.vm.specification.vendor" value="Oracle Corporation"/>
    <property name="java.specification.name" value="Java Platform API Specification"/>
    <property name="apple.awt.application.name" value="ForkedBooter"/>
    <property name="surefire.real.class.path" value="/Users/fernandorochacorreaurbano/Desktop/OO Architecture/finalproject-fernandourbano-uchicago/event-market/target/surefire/surefirebooter-20240520180556488_3.jar"/>
    <property name="sun.management.compiler" value="HotSpot 64-Bit Tiered Compilers"/>
    <property name="ftp.nonProxyHosts" value="local|*.local|169.254/16|*.169.254/16"/>
    <property name="java.runtime.version" value="21.0.2+13-LTS"/>
    <property name="user.name" value="fernandorochacorreaurbano"/>
    <property name="stdout.encoding" value="UTF-8"/>
    <property name="path.separator" value=":"/>
    <property name="os.version" value="14.4.1"/>
    <property name="java.runtime.name" value="OpenJDK Runtime Environment"/>
    <property name="file.encoding" value="UTF-8"/>
    <property name="java.vm.name" value="OpenJDK 64-Bit Server VM"/>
    <property name="java.vendor.version" value="Corretto-21.0.2.13.1"/>
    <property name="localRepository" value="/Users/fernandorochacorreaurbano/.m2/repository"/>
    <property name="java.vendor.url.bug" value="https://github.com/corretto/corretto-21/issues/"/>
    <property name="java.io.tmpdir" value="/var/folders/km/t5mryd8x5ln51m7h8bw1h3cc0000gn/T/"/>
    <property name="java.version" value="21.0.2"/>
    <property name="user.dir" value="/Users/fernandorochacorreaurbano/Desktop/OO Architecture/finalproject-fernandourbano-uchicago/event-market"/>
    <property name="os.arch" value="x86_64"/>
    <property name="java.vm.specification.name" value="Java Virtual Machine Specification"/>
    <property name="native.encoding" value="UTF-8"/>
    <property name="java.library.path" value="/Users/fernandorochacorreaurbano/Library/Java/Extensions:/Library/Java/Extensions:/Network/Library/Java/Extensions:/System/Library/Java/Extensions:/usr/lib/java:."/>
    <property name="java.vm.info" value="mixed mode, sharing"/>
    <property name="stderr.encoding" value="UTF-8"/>
    <property name="java.vendor" value="Amazon.com Inc."/>
    <property name="java.vm.version" value="21.0.2+13-LTS"/>
    <property name="sun.io.unicode.encoding" value="UnicodeBig"/>
    <property name="socksNonProxyHosts" value="local|*.local|169.254/16|*.169.254/16"/>
    <property name="java.class.version" value="65.0"/>
  </properties>
  <testcase name="testApp" classname="eventmarket.main.AppTest" time="0.001"/>
</testsuite>